C51 COMPILER V9.60.7.0   DS1302                                                            10/02/2024 22:23:54 PAGE 1   


C51 COMPILER V9.60.7.0, COMPILATION OF MODULE DS1302
OBJECT MODULE PLACED IN .\Objects\ds1302.obj
COMPILER INVOKED BY: D:\C51\BIN\C51.EXE ds1302.c OPTIMIZE(8,SPEED) BROWSE DEBUG OBJECTEXTEND PRINT(.\Listings\ds1302.lst
                    -) TABS(2) OBJECT(.\Objects\ds1302.obj)

line level    source

   1          #include "ds1302.h"
   2          #include <stdio.h>
   3          #include <stdlib.h>
   4          #include <string.h>
   5          
   6          unsigned char sec, min, hour, date, month, year;
   7          
   8          
   9          // Convert BCD to BIN
  10          unsigned char BCD2BIN(unsigned char bcd) {
  11   1          return ((bcd >> 4) * 10) + (bcd & 0x0F);
  12   1      }
  13          // Convert bin to BCD
  14          unsigned char BIN2BCD(unsigned char bin) {
  15   1          return ((bin / 10) << 4) | (bin % 10);
  16   1      }
  17          
  18          void DS1302_Init(void) {
  19   1          RST = 0;
  20   1          SCLK = 0;
  21   1      }
  22          
  23          void DS1302_WriteByte(unsigned char addr, unsigned char dat) {
  24   1          unsigned char i;
  25   1          RST = 1;
  26   1          for (i = 0; i < 8; i++) {
  27   2              IO = addr & 0x01;
  28   2              SCLK = 1;
  29   2              SCLK = 0;
  30   2              addr >>= 1;
  31   2          }
  32   1          for (i = 0; i < 8; i++) {
  33   2              IO = dat & 0x01;
  34   2              SCLK = 1;
  35   2              SCLK = 0;
  36   2              dat >>= 1;
  37   2          }
  38   1          RST = 0;
  39   1      }
  40          
  41          unsigned char DS1302_ReadByte(unsigned char addr) {
  42   1          unsigned char i, dat = 0;
  43   1          RST = 1;
  44   1          addr |= 0x01;  // Set read bit
  45   1          for (i = 0; i < 8; i++) {
  46   2              IO = addr & 0x01;
  47   2              SCLK = 1;
  48   2              SCLK = 0;
  49   2              addr >>= 1;
  50   2          }
  51   1          for (i = 0; i < 8; i++) {
  52   2              dat >>= 1;
  53   2              if (IO) {
  54   3                  dat |= 0x80;
C51 COMPILER V9.60.7.0   DS1302                                                            10/02/2024 22:23:54 PAGE 2   

  55   3              }
  56   2              SCLK = 1;
  57   2              SCLK = 0;
  58   2          }
  59   1          RST = 0;
  60   1          return dat;
  61   1      }
  62          
  63          void DS1302_SetTime(unsigned char sec, unsigned char min, unsigned char hour, unsigned char date, unsigned
             - char month, unsigned char year) {
  64   1          DS1302_WriteByte(0x80, BIN2BCD(sec));
  65   1          DS1302_WriteByte(0x82, BIN2BCD(min));
  66   1          DS1302_WriteByte(0x84, BIN2BCD(hour));
  67   1          DS1302_WriteByte(0x86, BIN2BCD(date));
  68   1          DS1302_WriteByte(0x88, BIN2BCD(month));
  69   1          DS1302_WriteByte(0x8C, BIN2BCD(year));
  70   1      }
  71          
  72          void DS1302_GetTime(void) {
  73   1          sec = BCD2BIN(DS1302_ReadByte(0x81));
  74   1          min = BCD2BIN(DS1302_ReadByte(0x83));
  75   1          hour = BCD2BIN(DS1302_ReadByte(0x85));
  76   1          date = BCD2BIN(DS1302_ReadByte(0x87));
  77   1          month = BCD2BIN(DS1302_ReadByte(0x89));
  78   1          year = BCD2BIN(DS1302_ReadByte(0x8D));
  79   1      }
  80          


MODULE INFORMATION:   STATIC OVERLAYABLE
   CODE SIZE        =    261    ----
   CONSTANT SIZE    =   ----    ----
   XDATA SIZE       =   ----    ----
   PDATA SIZE       =   ----    ----
   DATA SIZE        =      6       6
   IDATA SIZE       =   ----    ----
   BIT SIZE         =   ----    ----
END OF MODULE INFORMATION.


C51 COMPILATION COMPLETE.  0 WARNING(S),  0 ERROR(S)
